Building DAG of jobs...
Using shell: /bin/bash
Provided cores: 1 (use --cores to define parallelism)
Rules claiming more threads will be scaled down.
Job counts:
	count	jobs
	1	decisiontree
	1

[Sun Jul 19 14:51:06 2020]
rule decisiontree:
    input: output_train_x/flights.csv, output_train_y/flights.csv
    output: decisiontree_results/flights.csv
    jobid: 0

[Sun Jul 19 14:51:08 2020]
Error in rule decisiontree:
    jobid: 0
    output: decisiontree_results/flights.csv
    shell:
        python SVM_CrossVal.py --input_train_x output_train_x/flights.csv --input_train_y output_train_y/flights.csv --decisiontree_results decisiontree_results/flights.csv
        (one of the commands exited with non-zero exit code; note that snakemake uses bash strict mode!)

Shutting down, this might take some time.
Exiting because a job execution failed. Look above for error message
Complete log: /Users/vikasreddy/Desktop/Project/.snakemake/log/2020-07-19T145106.075471.snakemake.log
