Building DAG of jobs...
Using shell: /bin/bash
Provided cores: 1 (use --cores to define parallelism)
Rules claiming more threads will be scaled down.
Job counts:
	count	jobs
	1	AdaBoost
	1	DecisionTree
	1	Random
	1	RandomForest
	4

[Sat Aug  1 00:54:40 2020]
rule AdaBoost:
    input: output_data/output_train_x.csv, output_data/output_train_y.csv
    output: AdaBoost_results.csv
    jobid: 1

[Sat Aug  1 01:03:29 2020]
Error in rule AdaBoost:
    jobid: 1
    output: AdaBoost_results.csv
    shell:
        python AdaBoost.py
        (one of the commands exited with non-zero exit code; note that snakemake uses bash strict mode!)

Shutting down, this might take some time.
Exiting because a job execution failed. Look above for error message
Complete log: /Users/vikasreddy/Desktop/Project/.snakemake/log/2020-08-01T005440.718153.snakemake.log
