Building DAG of jobs...
Using shell: /bin/bash
Provided cores: 1 (use --cores to define parallelism)
Rules claiming more threads will be scaled down.
Job counts:
	count	jobs
	1	AdaBoost
	1	DecisionTree
	1	Random
	1	SVM_CrossVal
	4

[Wed Jul 29 12:44:11 2020]
rule AdaBoost:
    input: output_train_x/flights.csv, output_train_y/flights.csv
    output: AdaBoost_results/flights.csv
    jobid: 1

[Wed Jul 29 12:44:25 2020]
Error in rule AdaBoost:
    jobid: 1
    output: AdaBoost_results/flights.csv
    shell:
        python DecisionTree.py
        (one of the commands exited with non-zero exit code; note that snakemake uses bash strict mode!)

Shutting down, this might take some time.
Exiting because a job execution failed. Look above for error message
Complete log: /Users/vikasreddy/Desktop/Project/.snakemake/log/2020-07-29T124411.801124.snakemake.log
