Building DAG of jobs...
Using shell: /bin/bash
Provided cores: 1 (use --cores to define parallelism)
Rules claiming more threads will be scaled down.
Job counts:
	count	jobs
	1	dataset_split
	1	decisiontree
	2

[Sun Jul 19 15:29:44 2020]
rule dataset_split:
    input: input_data_df.csv
    output: output_train_x/flights.csv, output_test_x/flights.csv, output_train_y/flights.csv, output_test_y/flights.csv
    jobid: 1

[Sun Jul 19 15:30:16 2020]
Error in rule dataset_split:
    jobid: 1
    output: output_train_x/flights.csv, output_test_x/flights.csv, output_train_y/flights.csv, output_test_y/flights.csv
    shell:
        python Dataexploration.py --flightsinput_file input_data_df.csv --flightsoutput_train_x output_train_x/flights.csv --flightsoutput_test_x output_test_x/flights.csv --flightsoutput_train_y output_train_y/flights.csv --flightsoutput_test_y output_test_y/flights.csv
        (one of the commands exited with non-zero exit code; note that snakemake uses bash strict mode!)

Shutting down, this might take some time.
Exiting because a job execution failed. Look above for error message
Complete log: /Users/vikasreddy/Desktop/Project/.snakemake/log/2020-07-19T152943.968110.snakemake.log
